0 verbose cli [
0 verbose cli   '/home/ektadev/.nvm/versions/node/v16.2.0/bin/node',
0 verbose cli   '/home/ektadev/.nvm/versions/node/v16.2.0/bin/npm',
0 verbose cli   'test'
0 verbose cli ]
1 info using npm@7.13.0
2 info using node@v16.2.0
3 timing npm:load:whichnode Completed in 2ms
4 timing config:load:defaults Completed in 1ms
5 timing config:load:file:/home/ektadev/.nvm/versions/node/v16.2.0/lib/node_modules/npm/npmrc Completed in 0ms
6 timing config:load:builtin Completed in 1ms
7 timing config:load:cli Completed in 1ms
8 timing config:load:env Completed in 0ms
9 timing config:load:project Completed in 1ms
10 timing config:load:file:/home/ektadev/.npmrc Completed in 0ms
11 timing config:load:user Completed in 0ms
12 timing config:load:file:/home/ektadev/.nvm/versions/node/v16.2.0/etc/npmrc Completed in 1ms
13 timing config:load:global Completed in 1ms
14 timing config:load:validate Completed in 0ms
15 timing config:load:credentials Completed in 0ms
16 timing config:load:setEnvs Completed in 0ms
17 timing config:load Completed in 6ms
18 timing npm:load:configload Completed in 6ms
19 timing npm:load:setTitle Completed in 0ms
20 timing npm:load:setupLog Completed in 1ms
21 timing npm:load:cleanupLog Completed in 1ms
22 timing npm:load:configScope Completed in 0ms
23 timing npm:load:projectScope Completed in 0ms
24 timing npm:load Completed in 11ms
25 timing config:load:flatten Completed in 2ms
26 timing command:run-script Completed in 1ms
27 timing command:test Completed in 12ms
28 verbose stack Error: ENOENT: no such file or directory, open '/home/ektadev/package.json'
29 verbose cwd /home/ektadev
30 verbose Linux 5.4.72-microsoft-standard-WSL2
31 verbose argv "/home/ektadev/.nvm/versions/node/v16.2.0/bin/node" "/home/ektadev/.nvm/versions/node/v16.2.0/bin/npm" "test"
32 verbose node v16.2.0
33 verbose npm  v7.13.0
34 error code ENOENT
35 error syscall open
36 error path /home/ektadev/package.json
37 error errno -2
38 error enoent ENOENT: no such file or directory, open '/home/ektadev/package.json'
39 error enoent This is related to npm not being able to find a file.
40 verbose exit -2
