Looking for git in: git
Using git 2.25.1 from git
> git rev-parse --git-dir
Open repository: /home/ektadev
> git status -z -u
> git check-ignore -v -z --stdin
> git symbolic-ref --short HEAD
> git for-each-ref --format=%(refname)%00%(upstream:short)%00%(objectname)%00%(upstream:track) refs/heads/master refs/remotes/master
> git for-each-ref --sort -committerdate --format %(refname) %(objectname) %(*objectname)
> git remote --verbose
> git config --get commit.template
> git show --textconv :frontend/src/docker-compose.yml
> git ls-files --stage -- /home/ektadev/frontend/src/docker-compose.yml
> git show --textconv :frontend/Dockerfile.dev
> git ls-files --stage -- /home/ektadev/frontend/Dockerfile.dev
> git cat-file -s 6c8b30a266d26851e3cceb1cda2eedaab6e0e61b
> git cat-file -s ff83384b40114251a7fefd570f05482ba30c068e
> git show --textconv :frontend/src/App.js
> git ls-files --stage -- /home/ektadev/frontend/src/App.js
> git cat-file -s 06a99dafddb811b4439b5f229bb93d03be95fea1
> git show --textconv :frontend/Dockerfile.dev
> git ls-files --stage -- /home/ektadev/frontend/Dockerfile.dev
> git cat-file -s ff83384b40114251a7fefd570f05482ba30c068e
> git show --textconv :frontend/src/.travis.yml
> git ls-files --stage -- /home/ektadev/frontend/src/.travis.yml
> git check-ignore -v -z --stdin
> git show --textconv :frontend/Dockerfile.dev
> git ls-files --stage -- /home/ektadev/frontend/Dockerfile.dev
> git cat-file -s ff83384b40114251a7fefd570f05482ba30c068e
> git show --textconv :frontend/src/App.js
> git ls-files --stage -- /home/ektadev/frontend/src/App.js
> git cat-file -s 06a99dafddb811b4439b5f229bb93d03be95fea1
> git show --textconv :frontend/Dockerfile.dev
> git ls-files --stage -- /home/ektadev/frontend/Dockerfile.dev
> git cat-file -s ff83384b40114251a7fefd570f05482ba30c068e
> git show --textconv :frontend/src/docker-compose.yml
> git ls-files --stage -- /home/ektadev/frontend/src/docker-compose.yml
> git cat-file -s 6c8b30a266d26851e3cceb1cda2eedaab6e0e61b
> git show --textconv :frontend/src/.travis.yml
> git ls-files --stage -- /home/ektadev/frontend/src/.travis.yml
> git ls-files --stage -- /home/ektadev/frontend/src/.travis.yml
> git cat-file -s 52aa5acd5b9d4c6fb82fe0c37f21ad46ce78c2cc
> git show --textconv :frontend/src/.travis.yml
