[2021-05-29 13:00:25.275] [exthost] [info] extension host started
[2021-05-29 13:00:25.304] [exthost] [info] ExtensionService#_doActivateExtension vscode.debug-auto-launch {"startup":true,"extensionId":{"value":"vscode.debug-auto-launch","_lower":"vscode.debug-auto-launch"},"activationEvent":"*"}
[2021-05-29 13:00:25.304] [exthost] [info] ExtensionService#loadCommonJSModule file:///home/ektadev/.vscode-server/bin/054a9295330880ed74ceaedda236253b4f39a335/extensions/debug-auto-launch/dist/extension
[2021-05-29 13:00:25.308] [exthost] [info] ExtensionService#_doActivateExtension vscode.git {"startup":true,"extensionId":{"value":"vscode.github","_lower":"vscode.github"},"activationEvent":"*"}
[2021-05-29 13:00:25.308] [exthost] [info] ExtensionService#loadCommonJSModule file:///home/ektadev/.vscode-server/bin/054a9295330880ed74ceaedda236253b4f39a335/extensions/git/dist/main
[2021-05-29 13:00:25.621] [exthost] [info] ExtensionService#_doActivateExtension vscode.github {"startup":true,"extensionId":{"value":"vscode.github","_lower":"vscode.github"},"activationEvent":"*"}
[2021-05-29 13:00:25.621] [exthost] [info] ExtensionService#loadCommonJSModule file:///home/ektadev/.vscode-server/bin/054a9295330880ed74ceaedda236253b4f39a335/extensions/github/dist/extension.js
[2021-05-29 13:00:25.649] [exthost] [info] ExtensionService#_doActivateExtension vscode.emmet {"startup":false,"extensionId":{"value":"vscode.emmet","_lower":"vscode.emmet"},"activationEvent":"onStartupFinished"}
[2021-05-29 13:00:25.649] [exthost] [info] ExtensionService#loadCommonJSModule file:///home/ektadev/.vscode-server/bin/054a9295330880ed74ceaedda236253b4f39a335/extensions/emmet/dist/node/emmetNodeMain
[2021-05-29 13:00:25.658] [exthost] [info] ExtensionService#_doActivateExtension vscode.merge-conflict {"startup":false,"extensionId":{"value":"vscode.merge-conflict","_lower":"vscode.merge-conflict"},"activationEvent":"onStartupFinished"}
[2021-05-29 13:00:25.658] [exthost] [info] ExtensionService#loadCommonJSModule file:///home/ektadev/.vscode-server/bin/054a9295330880ed74ceaedda236253b4f39a335/extensions/merge-conflict/dist/mergeConflictMain
[2021-05-29 13:00:25.660] [exthost] [info] ExtensionService#_doActivateExtension vscode.testing-editor-contributions {"startup":false,"extensionId":{"value":"vscode.testing-editor-contributions","_lower":"vscode.testing-editor-contributions"},"activationEvent":"onStartupFinished"}
[2021-05-29 13:00:25.660] [exthost] [info] ExtensionService#loadCommonJSModule file:///home/ektadev/.vscode-server/bin/054a9295330880ed74ceaedda236253b4f39a335/extensions/testing-editor-contributions/dist/extension.js
[2021-05-29 13:00:25.661] [exthost] [info] eager extensions activated
[2021-05-29 13:00:25.684] [exthost] [info] ExtensionService#_doActivateExtension ms-vscode.js-debug {"startup":false,"extensionId":{"value":"ms-vscode.js-debug","_lower":"ms-vscode.js-debug"},"activationEvent":"onCommand:extension.js-debug.clearAutoAttachVariables"}
[2021-05-29 13:00:25.685] [exthost] [info] ExtensionService#loadCommonJSModule file:///home/ektadev/.vscode-server/bin/054a9295330880ed74ceaedda236253b4f39a335/extensions/ms-vscode.js-debug/src/extension.js
[2021-05-29 13:00:49.220] [exthost] [info] ExtensionService#_doActivateExtension vscode.configuration-editing {"startup":false,"extensionId":{"value":"vscode.configuration-editing","_lower":"vscode.configuration-editing"},"activationEvent":"onLanguage:json"}
[2021-05-29 13:00:49.220] [exthost] [info] ExtensionService#loadCommonJSModule file:///home/ektadev/.vscode-server/bin/054a9295330880ed74ceaedda236253b4f39a335/extensions/configuration-editing/dist/configurationEditingMain
[2021-05-29 13:00:49.230] [exthost] [info] ExtensionService#_doActivateExtension vscode.extension-editing {"startup":false,"extensionId":{"value":"vscode.extension-editing","_lower":"vscode.extension-editing"},"activationEvent":"onLanguage:json"}
[2021-05-29 13:00:49.231] [exthost] [info] ExtensionService#loadCommonJSModule file:///home/ektadev/.vscode-server/bin/054a9295330880ed74ceaedda236253b4f39a335/extensions/extension-editing/dist/extensionEditingMain
[2021-05-29 13:00:49.246] [exthost] [info] ExtensionService#_doActivateExtension vscode.json-language-features {"startup":false,"extensionId":{"value":"vscode.json-language-features","_lower":"vscode.json-language-features"},"activationEvent":"onLanguage:json"}
[2021-05-29 13:00:49.246] [exthost] [info] ExtensionService#loadCommonJSModule file:///home/ektadev/.vscode-server/bin/054a9295330880ed74ceaedda236253b4f39a335/extensions/json-language-features/client/dist/node/jsonClientMain
[2021-05-29 13:00:49.346] [exthost] [info] ExtensionService#_doActivateExtension vscode.npm {"startup":false,"extensionId":{"value":"vscode.npm","_lower":"vscode.npm"},"activationEvent":"onLanguage:json"}
[2021-05-29 13:00:49.346] [exthost] [info] ExtensionService#loadCommonJSModule file:///home/ektadev/.vscode-server/bin/054a9295330880ed74ceaedda236253b4f39a335/extensions/npm/dist/npmMain
[2021-05-29 13:00:49.734] [exthost] [info] ExtensionService#_doActivateExtension vscode.typescript-language-features {"startup":false,"extensionId":{"value":"vscode.typescript-language-features","_lower":"vscode.typescript-language-features"},"activationEvent":"onLanguage:jsonc"}
[2021-05-29 13:00:49.734] [exthost] [info] ExtensionService#loadCommonJSModule file:///home/ektadev/.vscode-server/bin/054a9295330880ed74ceaedda236253b4f39a335/extensions/typescript-language-features/dist/extension
